<?xml version="1.0" encoding="UTF-8"?>
<!-- Generated by org.testng.reporters.JUnitXMLReporter -->
<testsuite ignored="0" hostname="DESKTOP-6S2BJRF" failures="0" tests="1" name="Test" time="0.81" errors="0" timestamp="2024-11-26T11:58:07 IST">
  <testcase classname="com.testScripts.LoginTest" name="@BeforeMethod browsersetup" time="0.74">
    <failure type="java.lang.NullPointerException" message="Cannot invoke &amp;quot;String.equalsIgnoreCase(String)&amp;quot; because &amp;quot;browserName&amp;quot; is null">
      <![CDATA[java.lang.NullPointerException: Cannot invoke "String.equalsIgnoreCase(String)" because "browserName" is null
at com.genericmethods.Base.initializeAndOpenBrowser(Base.java:61)
at com.testScripts.LoginTest.browsersetup(LoginTest.java:19)
at java.base/java.util.ArrayList.forEach(ArrayList.java:1597)
... Removed 29 stack frames]]>
    </failure>
  </testcase> <!-- @BeforeMethod browsersetup -->
  <testcase classname="com.testScripts.LoginTest" name="@BeforeMethod browsersetup1" time="0.0">
    <skipped/>
  </testcase> <!-- @BeforeMethod browsersetup1 -->
  <testcase classname="com.testScripts.LoginTest" name="@AfterMethod quitt" time="0.0">
    <skipped/>
  </testcase> <!-- @AfterMethod quitt -->
  <testcase classname="com.testScripts.LoginTest" name="validPasswordloginpage" time="0.0">
    <skipped/>
  </testcase> <!-- validPasswordloginpage -->
</testsuite> <!-- Test -->
