<?xml version="1.0" encoding="UTF-8"?>
<testng-results ignored="0" total="1" passed="1" failed="0" skipped="0">
  <reporter-output>
  </reporter-output>
  <suite started-at="2024-11-26T12:14:09 IST" name="Suite" finished-at="2024-11-26T12:14:43 IST" duration-ms="34180">
    <groups>
    </groups>
    <test started-at="2024-11-26T12:14:09 IST" name="Test" finished-at="2024-11-26T12:14:43 IST" duration-ms="34180">
      <class name="com.testScripts.LoginTest">
        <test-method is-config="true" signature="browsersetup()[pri:0, instance:com.testScripts.LoginTest@1190200a]" started-at="2024-11-26T12:14:09 IST" name="browsersetup" finished-at="2024-11-26T12:14:17 IST" duration-ms="8481" status="PASS">
          <reporter-output>
          </reporter-output>
        </test-method> <!-- browsersetup -->
        <test-method signature="validPasswordloginpage()[pri:1, instance:com.testScripts.LoginTest@1190200a]" started-at="2024-11-26T12:14:17 IST" name="validPasswordloginpage" finished-at="2024-11-26T12:14:40 IST" duration-ms="22531" status="PASS">
          <reporter-output>
          </reporter-output>
        </test-method> <!-- validPasswordloginpage -->
        <test-method is-config="true" signature="quitt()[pri:0, instance:com.testScripts.LoginTest@1190200a]" started-at="2024-11-26T12:14:40 IST" name="quitt" finished-at="2024-11-26T12:14:43 IST" duration-ms="3011" status="PASS">
          <reporter-output>
          </reporter-output>
        </test-method> <!-- quitt -->
      </class> <!-- com.testScripts.LoginTest -->
    </test> <!-- Test -->
  </suite> <!-- Suite -->
</testng-results>
